{"total": {"lines":{"total":827,"covered":732,"skipped":0,"pct":88.51},"statements":{"total":862,"covered":752,"skipped":0,"pct":87.23},"functions":{"total":145,"covered":122,"skipped":0,"pct":84.13},"branches":{"total":505,"covered":374,"skipped":0,"pct":74.05},"branchesTrue":{"total":0,"covered":0,"skipped":0,"pct":100}}
,"C:\\Users\\aliso\\Documents\\VigilApp\\VigilApp-Front\\components\\AlertCard.tsx": {"lines":{"total":11,"covered":10,"skipped":0,"pct":90.9},"functions":{"total":3,"covered":3,"skipped":0,"pct":100},"statements":{"total":11,"covered":10,"skipped":0,"pct":90.9},"branches":{"total":8,"covered":7,"skipped":0,"pct":87.5}}
,"C:\\Users\\aliso\\Documents\\VigilApp\\VigilApp-Front\\components\\BottomNavbar.tsx": {"lines":{"total":10,"covered":10,"skipped":0,"pct":100},"functions":{"total":3,"covered":3,"skipped":0,"pct":100},"statements":{"total":10,"covered":10,"skipped":0,"pct":100},"branches":{"total":10,"covered":9,"skipped":0,"pct":90}}
,"C:\\Users\\aliso\\Documents\\VigilApp\\VigilApp-Front\\components\\MapWrapper.tsx": {"lines":{"total":25,"covered":21,"skipped":0,"pct":84},"functions":{"total":4,"covered":4,"skipped":0,"pct":100},"statements":{"total":26,"covered":22,"skipped":0,"pct":84.61},"branches":{"total":16,"covered":11,"skipped":0,"pct":68.75}}
,"C:\\Users\\aliso\\Documents\\VigilApp\\VigilApp-Front\\components\\ShieldIcon.tsx": {"lines":{"total":1,"covered":1,"skipped":0,"pct":100},"functions":{"total":1,"covered":1,"skipped":0,"pct":100},"statements":{"total":1,"covered":1,"skipped":0,"pct":100},"branches":{"total":2,"covered":2,"skipped":0,"pct":100}}
,"C:\\Users\\aliso\\Documents\\VigilApp\\VigilApp-Front\\components\\StatCard.tsx": {"lines":{"total":2,"covered":2,"skipped":0,"pct":100},"functions":{"total":1,"covered":1,"skipped":0,"pct":100},"statements":{"total":2,"covered":2,"skipped":0,"pct":100},"branches":{"total":0,"covered":0,"skipped":0,"pct":100}}
,"C:\\Users\\aliso\\Documents\\VigilApp\\VigilApp-Front\\components\\TopHeader.tsx": {"lines":{"total":16,"covered":15,"skipped":0,"pct":93.75},"functions":{"total":4,"covered":3,"skipped":0,"pct":75},"statements":{"total":16,"covered":15,"skipped":0,"pct":93.75},"branches":{"total":17,"covered":16,"skipped":0,"pct":94.11}}
,"C:\\Users\\aliso\\Documents\\VigilApp\\VigilApp-Front\\components\\haptic-tab.tsx": {"lines":{"total":4,"covered":4,"skipped":0,"pct":100},"functions":{"total":2,"covered":2,"skipped":0,"pct":100},"statements":{"total":4,"covered":4,"skipped":0,"pct":100},"branches":{"total":2,"covered":1,"skipped":0,"pct":50}}
,"C:\\Users\\aliso\\Documents\\VigilApp\\VigilApp-Front\\components\\themed-text.tsx": {"lines":{"total":3,"covered":3,"skipped":0,"pct":100},"functions":{"total":1,"covered":1,"skipped":0,"pct":100},"statements":{"total":3,"covered":3,"skipped":0,"pct":100},"branches":{"total":11,"covered":8,"skipped":0,"pct":72.72}}
,"C:\\Users\\aliso\\Documents\\VigilApp\\VigilApp-Front\\components\\themed-view.tsx": {"lines":{"total":2,"covered":2,"skipped":0,"pct":100},"functions":{"total":1,"covered":1,"skipped":0,"pct":100},"statements":{"total":2,"covered":2,"skipped":0,"pct":100},"branches":{"total":0,"covered":0,"skipped":0,"pct":100}}
,"C:\\Users\\aliso\\Documents\\VigilApp\\VigilApp-Front\\components\\auth\\LoginForm.tsx": {"lines":{"total":42,"covered":41,"skipped":0,"pct":97.61},"functions":{"total":10,"covered":9,"skipped":0,"pct":90},"statements":{"total":44,"covered":43,"skipped":0,"pct":97.72},"branches":{"total":28,"covered":26,"skipped":0,"pct":92.85}}
,"C:\\Users\\aliso\\Documents\\VigilApp\\VigilApp-Front\\components\\auth\\RegisterForm.tsx": {"lines":{"total":136,"covered":83,"skipped":0,"pct":61.02},"functions":{"total":32,"covered":16,"skipped":0,"pct":50},"statements":{"total":157,"covered":92,"skipped":0,"pct":58.59},"branches":{"total":125,"covered":63,"skipped":0,"pct":50.4}}
,"C:\\Users\\aliso\\Documents\\VigilApp\\VigilApp-Front\\components\\ui\\collapsible.tsx": {"lines":{"total":5,"covered":5,"skipped":0,"pct":100},"functions":{"total":3,"covered":3,"skipped":0,"pct":100},"statements":{"total":6,"covered":6,"skipped":0,"pct":100},"branches":{"total":8,"covered":6,"skipped":0,"pct":75}}
,"C:\\Users\\aliso\\Documents\\VigilApp\\VigilApp-Front\\components\\ui\\icon-symbol.ios.tsx": {"lines":{"total":1,"covered":1,"skipped":0,"pct":100},"functions":{"total":1,"covered":1,"skipped":0,"pct":100},"statements":{"total":1,"covered":1,"skipped":0,"pct":100},"branches":{"total":2,"covered":2,"skipped":0,"pct":100}}
,"C:\\Users\\aliso\\Documents\\VigilApp\\VigilApp-Front\\components\\ui\\icon-symbol.tsx": {"lines":{"total":2,"covered":0,"skipped":0,"pct":0},"functions":{"total":1,"covered":0,"skipped":0,"pct":0},"statements":{"total":2,"covered":0,"skipped":0,"pct":0},"branches":{"total":1,"covered":0,"skipped":0,"pct":0}}
,"C:\\Users\\aliso\\Documents\\VigilApp\\VigilApp-Front\\constants\\theme.ts": {"lines":{"total":4,"covered":4,"skipped":0,"pct":100},"functions":{"total":0,"covered":0,"skipped":0,"pct":100},"statements":{"total":4,"covered":4,"skipped":0,"pct":100},"branches":{"total":0,"covered":0,"skipped":0,"pct":100}}
,"C:\\Users\\aliso\\Documents\\VigilApp\\VigilApp-Front\\hooks\\use-color-scheme.ts": {"lines":{"total":0,"covered":0,"skipped":0,"pct":0},"functions":{"total":0,"covered":0,"skipped":0,"pct":0},"statements":{"total":0,"covered":0,"skipped":0,"pct":0},"branches":{"total":0,"covered":0,"skipped":0,"pct":0}}
,"C:\\Users\\aliso\\Documents\\VigilApp\\VigilApp-Front\\hooks\\use-color-scheme.web.ts": {"lines":{"total":7,"covered":7,"skipped":0,"pct":100},"functions":{"total":2,"covered":2,"skipped":0,"pct":100},"statements":{"total":7,"covered":7,"skipped":0,"pct":100},"branches":{"total":2,"covered":2,"skipped":0,"pct":100}}
,"C:\\Users\\aliso\\Documents\\VigilApp\\VigilApp-Front\\hooks\\use-theme-color.ts": {"lines":{"total":5,"covered":5,"skipped":0,"pct":100},"functions":{"total":1,"covered":1,"skipped":0,"pct":100},"statements":{"total":5,"covered":5,"skipped":0,"pct":100},"branches":{"total":4,"covered":3,"skipped":0,"pct":75}}
,"C:\\Users\\aliso\\Documents\\VigilApp\\VigilApp-Front\\services\\alert.service.ts": {"lines":{"total":83,"covered":77,"skipped":0,"pct":92.77},"functions":{"total":11,"covered":10,"skipped":0,"pct":90.9},"statements":{"total":85,"covered":78,"skipped":0,"pct":91.76},"branches":{"total":41,"covered":36,"skipped":0,"pct":87.8}}
,"C:\\Users\\aliso\\Documents\\VigilApp\\VigilApp-Front\\services\\auth.service.ts": {"lines":{"total":115,"covered":106,"skipped":0,"pct":92.17},"functions":{"total":9,"covered":9,"skipped":0,"pct":100},"statements":{"total":115,"covered":106,"skipped":0,"pct":92.17},"branches":{"total":62,"covered":39,"skipped":0,"pct":62.9}}
,"C:\\Users\\aliso\\Documents\\VigilApp\\VigilApp-Front\\services\\image-picker.service.ts": {"lines":{"total":60,"covered":58,"skipped":0,"pct":96.66},"functions":{"total":9,"covered":9,"skipped":0,"pct":100},"statements":{"total":61,"covered":59,"skipped":0,"pct":96.72},"branches":{"total":30,"covered":28,"skipped":0,"pct":93.33}}
,"C:\\Users\\aliso\\Documents\\VigilApp\\VigilApp-Front\\services\\location-cache.service.ts": {"lines":{"total":7,"covered":7,"skipped":0,"pct":100},"functions":{"total":3,"covered":3,"skipped":0,"pct":100},"statements":{"total":7,"covered":7,"skipped":0,"pct":100},"branches":{"total":0,"covered":0,"skipped":0,"pct":100}}
,"C:\\Users\\aliso\\Documents\\VigilApp\\VigilApp-Front\\services\\location.service.ts": {"lines":{"total":26,"covered":26,"skipped":0,"pct":100},"functions":{"total":4,"covered":4,"skipped":0,"pct":100},"statements":{"total":26,"covered":26,"skipped":0,"pct":100},"branches":{"total":6,"covered":6,"skipped":0,"pct":100}}
,"C:\\Users\\aliso\\Documents\\VigilApp\\VigilApp-Front\\services\\notification.service.ts": {"lines":{"total":63,"covered":59,"skipped":0,"pct":93.65},"functions":{"total":12,"covered":10,"skipped":0,"pct":83.33},"statements":{"total":65,"covered":60,"skipped":0,"pct":92.3},"branches":{"total":32,"covered":27,"skipped":0,"pct":84.37}}
,"C:\\Users\\aliso\\Documents\\VigilApp\\VigilApp-Front\\services\\user-zone.service.ts": {"lines":{"total":55,"covered":55,"skipped":0,"pct":100},"functions":{"total":5,"covered":4,"skipped":0,"pct":80},"statements":{"total":58,"covered":57,"skipped":0,"pct":98.27},"branches":{"total":22,"covered":20,"skipped":0,"pct":90.9}}
,"C:\\Users\\aliso\\Documents\\VigilApp\\VigilApp-Front\\services\\websocket.service.ts": {"lines":{"total":63,"covered":62,"skipped":0,"pct":98.41},"functions":{"total":14,"covered":14,"skipped":0,"pct":100},"statements":{"total":65,"covered":64,"skipped":0,"pct":98.46},"branches":{"total":17,"covered":16,"skipped":0,"pct":94.11}}
,"C:\\Users\\aliso\\Documents\\VigilApp\\VigilApp-Front\\services\\config\\api.config.ts": {"lines":{"total":65,"covered":54,"skipped":0,"pct":83.07},"functions":{"total":5,"covered":5,"skipped":0,"pct":100},"statements":{"total":65,"covered":54,"skipped":0,"pct":83.07},"branches":{"total":57,"covered":44,"skipped":0,"pct":77.19}}
,"C:\\Users\\aliso\\Documents\\VigilApp\\VigilApp-Front\\services\\utils\\geolocation.utils.ts": {"lines":{"total":14,"covered":14,"skipped":0,"pct":100},"functions":{"total":3,"covered":3,"skipped":0,"pct":100},"statements":{"total":14,"covered":14,"skipped":0,"pct":100},"branches":{"total":2,"covered":2,"skipped":0,"pct":100}}
}
