TN:
SF:components\AlertCard.tsx
FN:27,(anonymous_0)
FN:42,AlertCard
FN:50,(anonymous_2)
FNF:3
FNH:3
FNDA:9,(anonymous_0)
FNDA:9,AlertCard
FNDA:1,(anonymous_2)
DA:27,1
DA:28,9
DA:30,6
DA:32,1
DA:34,1
DA:36,1
DA:38,0
DA:47,9
DA:49,9
DA:50,1
DA:85,1
LF:11
LH:10
BRDA:28,0,0,6
BRDA:28,0,1,1
BRDA:28,0,2,1
BRDA:28,0,3,1
BRDA:28,0,4,0
BRDA:45,1,0,8
BRDA:58,2,0,9
BRDA:58,2,1,8
BRF:8
BRH:7
end_of_record
TN:
SF:components\BottomNavbar.tsx
FN:32,BottomNavbar
FN:53,(anonymous_1)
FN:67,(anonymous_2)
FNF:3
FNH:3
FNDA:4,BottomNavbar
FNDA:16,(anonymous_1)
FNDA:1,(anonymous_2)
DA:25,1
DA:37,4
DA:38,4
DA:40,4
DA:54,16
DA:55,16
DA:58,16
DA:62,16
DA:67,1
DA:97,1
LF:10
LH:10
BRDA:38,0,0,0
BRDA:38,0,1,4
BRDA:55,1,0,4
BRDA:55,1,1,12
BRDA:58,2,0,4
BRDA:58,2,1,12
BRDA:78,3,0,4
BRDA:78,3,1,12
BRDA:84,4,0,4
BRDA:84,4,1,12
BRF:10
BRH:9
end_of_record
TN:
SF:components\MapWrapper.tsx
FN:9,(anonymous_0)
FN:37,MapWrapper
FN:82,MapMarker
FN:90,MapCircle
FNF:4
FNH:4
FNDA:5,(anonymous_0)
FNDA:5,MapWrapper
FNDA:3,MapMarker
FNDA:3,MapCircle
DA:5,1
DA:6,1
DA:7,1
DA:9,1
DA:10,5
DA:12,1
DA:13,1
DA:15,1
DA:16,1
DA:17,1
DA:18,1
DA:20,0
DA:39,5
DA:40,0
DA:58,5
DA:60,5
DA:61,0
DA:70,5
DA:83,3
DA:84,1
DA:87,2
DA:103,3
DA:104,3
DA:107,0
DA:118,1
LF:25
LH:21
BRDA:10,0,0,4
BRDA:10,0,1,1
BRDA:12,1,0,1
BRDA:12,1,1,0
BRDA:39,2,0,0
BRDA:39,2,1,5
BRDA:60,3,0,0
BRDA:60,3,1,5
BRDA:83,4,0,1
BRDA:83,4,1,2
BRDA:83,5,0,3
BRDA:83,5,1,3
BRDA:103,6,0,3
BRDA:103,6,1,0
BRDA:103,7,0,3
BRDA:103,7,1,0
BRF:16
BRH:11
end_of_record
TN:
SF:components\ShieldIcon.tsx
FN:9,ShieldIcon
FNF:1
FNH:1
FNDA:1,ShieldIcon
DA:10,1
LF:1
LH:1
BRDA:9,0,0,1
BRDA:9,1,0,1
BRF:2
BRH:2
end_of_record
TN:
SF:components\StatCard.tsx
FN:13,StatCard
FNF:1
FNH:1
FNDA:12,StatCard
DA:14,12
DA:25,1
LF:2
LH:2
BRF:0
BRH:0
end_of_record
TN:
SF:components\TopHeader.tsx
FN:17,TopHeader
FN:32,(anonymous_1)
FN:39,(anonymous_2)
FN:51,(anonymous_3)
FNF:4
FNH:3
FNDA:22,TopHeader
FNDA:6,(anonymous_1)
FNDA:3,(anonymous_2)
FNDA:0,(anonymous_3)
DA:25,22
DA:26,22
DA:27,22
DA:28,22
DA:30,22
DA:32,22
DA:33,6
DA:34,6
DA:35,1
DA:39,22
DA:40,3
DA:41,3
DA:42,2
DA:46,22
DA:51,0
DA:94,1
LF:16
LH:15
BRDA:22,0,0,18
BRDA:26,1,0,0
BRDA:26,1,1,22
BRDA:30,2,0,22
BRDA:30,2,1,22
BRDA:34,3,0,1
BRDA:34,3,1,5
BRDA:41,4,0,2
BRDA:41,4,1,1
BRDA:48,5,0,22
BRDA:48,5,1,6
BRDA:57,6,0,1
BRDA:57,6,1,21
BRDA:67,7,0,22
BRDA:67,7,1,3
BRDA:79,8,0,22
BRDA:79,8,1,6
BRF:17
BRH:16
end_of_record
TN:
SF:components\haptic-tab.tsx
FN:5,HapticTab
FN:9,(anonymous_1)
FNF:2
FNH:2
FNDA:5,HapticTab
FNDA:2,(anonymous_1)
DA:6,5
DA:10,2
DA:12,2
DA:14,2
LF:4
LH:4
BRDA:10,0,0,2
BRDA:10,0,1,0
BRF:2
BRH:1
end_of_record
TN:
SF:components\themed-text.tsx
FN:11,ThemedText
FNF:1
FNH:1
FNDA:2385,ThemedText
DA:18,2385
DA:20,2385
DA:36,6
LF:3
LH:3
BRDA:15,0,0,2380
BRDA:24,1,0,2380
BRDA:24,1,1,5
BRDA:25,2,0,0
BRDA:25,2,1,2385
BRDA:26,3,0,5
BRDA:26,3,1,2380
BRDA:27,4,0,0
BRDA:27,4,1,2385
BRDA:28,5,0,0
BRDA:28,5,1,2385
BRF:11
BRH:8
end_of_record
TN:
SF:components\themed-view.tsx
FN:10,ThemedView
FNF:1
FNH:1
FNDA:12,ThemedView
DA:11,12
DA:13,12
LF:2
LH:2
BRF:0
BRH:0
end_of_record
TN:
SF:components\auth\LoginForm.tsx
FN:20,LoginForm
FN:43,(anonymous_1)
FN:71,(anonymous_2)
FN:76,(anonymous_3)
FN:81,(anonymous_4)
FN:117,(anonymous_5)
FN:118,(anonymous_6)
FN:156,(anonymous_7)
FN:157,(anonymous_8)
FN:160,(anonymous_9)
FNF:10
FNH:9
FNDA:39,LoginForm
FNDA:7,(anonymous_1)
FNDA:6,(anonymous_2)
FNDA:5,(anonymous_3)
FNDA:7,(anonymous_4)
FNDA:1,(anonymous_5)
FNDA:1,(anonymous_6)
FNDA:1,(anonymous_7)
FNDA:1,(anonymous_8)
FNDA:0,(anonymous_9)
DA:21,39
DA:22,39
DA:23,39
DA:24,39
DA:25,39
DA:26,39
DA:27,39
DA:28,39
DA:31,39
DA:43,39
DA:45,7
DA:46,7
DA:48,7
DA:51,7
DA:52,3
DA:53,3
DA:54,4
DA:55,1
DA:56,1
DA:60,7
DA:61,4
DA:62,4
DA:63,3
DA:64,1
DA:65,1
DA:68,7
DA:71,39
DA:72,6
DA:73,6
DA:76,39
DA:77,5
DA:78,5
DA:81,39
DA:82,7
DA:83,2
DA:87,39
DA:117,1
DA:118,1
DA:156,1
DA:157,1
DA:160,0
DA:228,1
LF:42
LH:41
BRDA:51,0,0,3
BRDA:51,0,1,4
BRDA:54,1,0,1
BRDA:54,1,1,3
BRDA:60,2,0,4
BRDA:60,2,1,3
BRDA:63,3,0,1
BRDA:63,3,1,2
BRDA:73,4,0,1
BRDA:73,4,1,5
BRDA:78,5,0,1
BRDA:78,5,1,4
BRDA:82,6,0,2
BRDA:82,6,1,5
BRDA:94,7,0,39
BRDA:94,7,1,1
BRDA:121,8,0,5
BRDA:121,8,1,34
BRDA:133,9,0,39
BRDA:133,9,1,1
BRDA:165,10,0,0
BRDA:165,10,1,39
BRDA:171,11,0,6
BRDA:171,11,1,33
BRDA:184,12,0,0
BRDA:184,12,1,39
BRDA:198,13,0,2
BRDA:198,13,1,37
BRF:28
BRH:26
end_of_record
TN:
SF:components\auth\RegisterForm.tsx
FN:26,RegisterForm
FN:71,(anonymous_1)
FN:88,(anonymous_2)
FN:92,(anonymous_3)
FN:93,(anonymous_4)
FN:96,(anonymous_5)
FN:97,(anonymous_6)
FN:103,(anonymous_7)
FN:116,(anonymous_8)
FN:130,(anonymous_9)
FN:131,(anonymous_10)
FN:140,(anonymous_11)
FN:147,(anonymous_12)
FN:152,(anonymous_13)
FN:163,(anonymous_14)
FN:170,(anonymous_15)
FN:175,(anonymous_16)
FN:186,(anonymous_17)
FN:194,(anonymous_18)
FN:234,(anonymous_19)
FN:248,(anonymous_20)
FN:262,(anonymous_21)
FN:300,(anonymous_22)
FN:312,(anonymous_23)
FN:313,(anonymous_24)
FN:317,(anonymous_25)
FN:385,(anonymous_26)
FN:392,(anonymous_27)
FN:405,(anonymous_28)
FN:434,(anonymous_29)
FN:441,(anonymous_30)
FN:454,(anonymous_31)
FNF:32
FNH:16
FNDA:99,RegisterForm
FNDA:55,(anonymous_1)
FNDA:0,(anonymous_2)
FNDA:2,(anonymous_3)
FNDA:2,(anonymous_4)
FNDA:2,(anonymous_5)
FNDA:2,(anonymous_6)
FNDA:2,(anonymous_7)
FNDA:0,(anonymous_8)
FNDA:0,(anonymous_9)
FNDA:0,(anonymous_10)
FNDA:0,(anonymous_11)
FNDA:0,(anonymous_12)
FNDA:0,(anonymous_13)
FNDA:0,(anonymous_14)
FNDA:0,(anonymous_15)
FNDA:0,(anonymous_16)
FNDA:0,(anonymous_17)
FNDA:17,(anonymous_18)
FNDA:17,(anonymous_19)
FNDA:495,(anonymous_20)
FNDA:495,(anonymous_21)
FNDA:55,(anonymous_22)
FNDA:2,(anonymous_23)
FNDA:2,(anonymous_24)
FNDA:0,(anonymous_25)
FNDA:0,(anonymous_26)
FNDA:0,(anonymous_27)
FNDA:1,(anonymous_28)
FNDA:0,(anonymous_29)
FNDA:0,(anonymous_30)
FNDA:1,(anonymous_31)
DA:28,99
DA:29,99
DA:30,99
DA:31,99
DA:32,99
DA:33,99
DA:34,99
DA:35,99
DA:36,99
DA:37,99
DA:40,99
DA:41,99
DA:44,99
DA:45,99
DA:48,99
DA:49,99
DA:52,99
DA:55,99
DA:58,99
DA:71,99
DA:73,55
DA:74,11
DA:75,10
DA:76,0
DA:77,0
DA:78,10
DA:79,0
DA:80,0
DA:81,0
DA:82,13
DA:83,11
DA:87,55
DA:88,0
DA:92,99
DA:93,2
DA:96,99
DA:97,2
DA:103,99
DA:104,2
DA:105,2
DA:109,2
DA:110,0
DA:117,0
DA:118,0
DA:119,0
DA:120,0
DA:125,2
DA:130,0
DA:131,0
DA:140,99
DA:141,0
DA:143,0
DA:144,0
DA:145,0
DA:146,0
DA:147,0
DA:150,0
DA:151,0
DA:152,0
DA:155,0
DA:156,0
DA:163,99
DA:164,0
DA:166,0
DA:167,0
DA:168,0
DA:169,0
DA:170,0
DA:173,0
DA:174,0
DA:175,0
DA:178,0
DA:179,0
DA:186,99
DA:187,0
DA:188,0
DA:190,0
DA:194,99
DA:195,17
DA:198,17
DA:199,17
DA:200,17
DA:201,9
DA:202,8
DA:203,3
DA:205,17
DA:206,7
DA:207,10
DA:208,3
DA:210,17
DA:211,9
DA:212,8
DA:213,3
DA:217,17
DA:218,17
DA:220,17
DA:221,17
DA:225,17
DA:226,17
DA:227,17
DA:230,0
DA:231,0
DA:234,99
DA:235,17
DA:236,0
DA:248,99
DA:258,495
DA:259,495
DA:262,495
DA:263,495
DA:264,99
DA:265,99
DA:266,0
DA:267,0
DA:268,99
DA:269,0
DA:270,0
DA:271,0
DA:272,99
DA:273,99
DA:274,0
DA:278,495
DA:280,495
DA:300,55
DA:312,2
DA:313,2
DA:318,0
DA:319,0
DA:341,99
DA:385,0
DA:392,0
DA:405,1
DA:434,0
DA:441,0
DA:454,1
DA:545,1
LF:136
LH:83
BRDA:73,0,0,11
BRDA:73,0,1,10
BRDA:73,0,2,0
BRDA:73,0,3,0
BRDA:73,0,4,10
BRDA:73,0,5,0
BRDA:73,0,6,0
BRDA:73,0,7,0
BRDA:73,0,8,13
BRDA:73,0,9,11
BRDA:87,1,0,0
BRDA:87,1,1,55
BRDA:104,2,0,1
BRDA:104,2,1,1
BRDA:105,3,0,1
BRDA:105,3,1,1
BRDA:109,4,0,0
BRDA:109,4,1,2
BRDA:117,5,0,0
BRDA:117,5,1,0
BRDA:119,6,0,0
BRDA:119,6,1,0
BRDA:143,7,0,0
BRDA:143,7,1,0
BRDA:143,8,0,0
BRDA:143,8,1,0
BRDA:144,9,0,0
BRDA:144,9,1,0
BRDA:146,10,0,0
BRDA:146,10,1,0
BRDA:151,11,0,0
BRDA:151,11,1,0
BRDA:155,12,0,0
BRDA:155,12,1,0
BRDA:166,13,0,0
BRDA:166,13,1,0
BRDA:166,14,0,0
BRDA:166,14,1,0
BRDA:167,15,0,0
BRDA:167,15,1,0
BRDA:169,16,0,0
BRDA:169,16,1,0
BRDA:174,17,0,0
BRDA:174,17,1,0
BRDA:178,18,0,0
BRDA:178,18,1,0
BRDA:187,19,0,0
BRDA:187,19,1,0
BRDA:198,20,0,11
BRDA:198,20,1,6
BRDA:199,21,0,11
BRDA:199,21,1,6
BRDA:200,22,0,9
BRDA:200,22,1,8
BRDA:202,23,0,3
BRDA:202,23,1,5
BRDA:205,24,0,7
BRDA:205,24,1,10
BRDA:207,25,0,3
BRDA:207,25,1,7
BRDA:210,26,0,9
BRDA:210,26,1,8
BRDA:212,27,0,3
BRDA:212,27,1,5
BRDA:217,28,0,17
BRDA:217,28,1,0
BRDA:220,29,0,17
BRDA:220,29,1,0
BRDA:225,30,0,17
BRDA:225,30,1,0
BRDA:235,31,0,0
BRDA:235,31,1,17
BRDA:253,32,0,297
BRDA:254,33,0,297
BRDA:255,34,0,297
BRDA:256,35,0,495
BRDA:263,36,0,99
BRDA:263,36,1,99
BRDA:263,36,2,0
BRDA:263,36,3,0
BRDA:263,36,4,99
BRDA:263,36,5,0
BRDA:263,36,6,0
BRDA:263,36,7,0
BRDA:263,36,8,99
BRDA:263,36,9,99
BRDA:263,36,10,0
BRDA:283,37,0,495
BRDA:283,37,1,495
BRDA:287,38,0,495
BRDA:287,38,1,2
BRDA:288,39,0,495
BRDA:288,39,1,0
BRDA:302,40,0,99
BRDA:302,40,1,396
BRDA:315,41,0,495
BRDA:315,41,1,198
BRDA:318,42,0,0
BRDA:318,42,1,0
BRDA:319,43,0,0
BRDA:319,43,1,0
BRDA:325,44,0,0
BRDA:325,44,1,198
BRDA:325,45,0,99
BRDA:325,45,1,99
BRDA:332,46,0,495
BRDA:332,46,1,0
BRDA:380,47,0,0
BRDA:380,47,1,99
BRDA:403,48,0,0
BRDA:403,48,1,99
BRDA:417,49,0,99
BRDA:417,49,1,0
BRDA:429,50,0,0
BRDA:429,50,1,99
BRDA:452,51,0,0
BRDA:452,51,1,99
BRDA:466,52,0,99
BRDA:466,52,1,0
BRDA:479,53,0,0
BRDA:479,53,1,99
BRDA:501,54,0,0
BRDA:501,54,1,99
BRDA:515,55,0,3
BRDA:515,55,1,96
BRF:125
BRH:63
end_of_record
TN:
SF:components\ui\collapsible.tsx
FN:10,Collapsible
FN:18,(anonymous_1)
FN:18,(anonymous_2)
FNF:3
FNH:3
FNDA:5,Collapsible
FNDA:1,(anonymous_1)
FNDA:1,(anonymous_2)
DA:11,5
DA:12,5
DA:14,5
DA:18,1
DA:35,1
LF:5
LH:5
BRDA:12,0,0,5
BRDA:12,0,1,0
BRDA:24,1,0,5
BRDA:24,1,1,0
BRDA:25,2,0,1
BRDA:25,2,1,4
BRDA:30,3,0,5
BRDA:30,3,1,1
BRF:8
BRH:6
end_of_record
TN:
SF:components\ui\icon-symbol.ios.tsx
FN:4,IconSymbol
FNF:1
FNH:1
FNDA:223,IconSymbol
DA:17,223
LF:1
LH:1
BRDA:6,0,0,3
BRDA:9,1,0,216
BRF:2
BRH:2
end_of_record
TN:
SF:components\ui\icon-symbol.tsx
FN:28,IconSymbol
FNF:1
FNH:0
FNDA:0,IconSymbol
DA:16,0
DA:40,0
LF:2
LH:0
BRDA:30,0,0,0
BRF:1
BRH:0
end_of_record
TN:
SF:constants\theme.ts
FNF:0
FNH:0
DA:8,9
DA:9,9
DA:11,9
DA:30,9
LF:4
LH:4
BRF:0
BRH:0
end_of_record
TN:
SF:hooks\use-color-scheme.ts
FNF:0
FNH:0
LF:0
LH:0
BRF:0
BRH:0
end_of_record
TN:
SF:hooks\use-color-scheme.web.ts
FN:7,useColorScheme
FN:10,(anonymous_1)
FNF:2
FNH:2
FNDA:6,useColorScheme
FNDA:3,(anonymous_1)
DA:8,6
DA:10,6
DA:11,3
DA:14,6
DA:16,6
DA:17,3
DA:20,3
LF:7
LH:7
BRDA:16,0,0,3
BRDA:16,0,1,3
BRF:2
BRH:2
end_of_record
TN:
SF:hooks\use-theme-color.ts
FN:9,useThemeColor
FNF:1
FNH:1
FNDA:2397,useThemeColor
DA:13,2397
DA:14,2397
DA:16,2397
DA:17,1
DA:19,2396
LF:5
LH:5
BRDA:13,0,0,2397
BRDA:13,0,1,0
BRDA:16,1,0,1
BRDA:16,1,1,2396
BRF:4
BRH:3
end_of_record
TN:
SF:services\alert.service.ts
FN:79,(anonymous_0)
FN:102,(anonymous_1)
FN:138,(anonymous_2)
FN:146,(anonymous_3)
FN:161,(anonymous_4)
FN:199,(anonymous_5)
FN:223,(anonymous_6)
FN:258,(anonymous_7)
FN:270,(anonymous_8)
FN:323,(anonymous_9)
FN:332,(anonymous_10)
FNF:11
FNH:10
FNDA:2,(anonymous_0)
FNDA:3,(anonymous_1)
FNDA:2,(anonymous_2)
FNDA:0,(anonymous_3)
FNDA:2,(anonymous_4)
FNDA:2,(anonymous_5)
FNDA:3,(anonymous_6)
FNDA:3,(anonymous_7)
FNDA:3,(anonymous_8)
FNDA:1,(anonymous_9)
FNDA:4,(anonymous_10)
DA:80,2
DA:81,2
DA:87,2
DA:88,1
DA:89,1
DA:92,1
DA:94,1
DA:95,1
DA:108,3
DA:109,3
DA:116,3
DA:124,3
DA:125,1
DA:128,2
DA:130,1
DA:131,1
DA:139,2
DA:140,2
DA:145,2
DA:146,1
DA:147,1
DA:148,1
DA:151,1
DA:153,1
DA:154,1
DA:168,2
DA:169,2
DA:177,2
DA:185,2
DA:186,0
DA:189,2
DA:191,0
DA:192,0
DA:200,2
DA:201,2
DA:209,2
DA:210,1
DA:213,1
DA:215,1
DA:216,1
DA:224,3
DA:225,3
DA:230,3
DA:238,3
DA:239,0
DA:242,3
DA:243,3
DA:245,0
DA:246,0
DA:262,3
DA:263,3
DA:266,3
DA:269,3
DA:270,2
DA:271,3
DA:280,3
DA:281,3
DA:283,3
DA:289,3
DA:290,2
DA:293,2
DA:294,2
DA:297,2
DA:299,1
DA:303,1
DA:306,2
DA:307,1
DA:309,1
DA:313,1
DA:315,2
DA:316,2
DA:325,1
DA:326,1
DA:333,4
DA:334,4
DA:335,4
DA:337,4
DA:345,4
DA:346,1
DA:349,3
DA:351,1
DA:352,1
DA:357,2
LF:83
LH:77
BRDA:87,0,0,1
BRDA:87,0,1,1
BRDA:105,1,0,2
BRDA:106,2,0,2
BRDA:124,3,0,1
BRDA:124,3,1,2
BRDA:145,4,0,1
BRDA:145,4,1,1
BRDA:148,5,0,1
BRDA:148,5,1,0
BRDA:166,6,0,1
BRDA:185,7,0,0
BRDA:185,7,1,2
BRDA:209,8,0,1
BRDA:209,8,1,1
BRDA:223,9,0,2
BRDA:223,10,0,2
BRDA:238,11,0,0
BRDA:238,11,1,3
BRDA:243,12,0,3
BRDA:243,12,1,2
BRDA:269,13,0,2
BRDA:269,13,1,1
BRDA:269,14,0,3
BRDA:269,14,1,3
BRDA:289,15,0,2
BRDA:289,15,1,1
BRDA:297,16,0,1
BRDA:297,16,1,1
BRDA:297,17,0,2
BRDA:297,17,1,2
BRDA:303,18,0,1
BRDA:303,18,1,0
BRDA:303,18,2,0
BRDA:306,19,0,1
BRDA:306,19,1,1
BRDA:332,20,0,2
BRDA:335,21,0,1
BRDA:335,21,1,3
BRDA:345,22,0,1
BRDA:345,22,1,3
BRF:41
BRH:36
end_of_record
TN:
SF:services\auth.service.ts
FN:48,(anonymous_0)
FN:101,(anonymous_1)
FN:126,(anonymous_2)
FN:145,(anonymous_3)
FN:160,(anonymous_4)
FN:222,(anonymous_5)
FN:304,(anonymous_6)
FN:312,(anonymous_7)
FN:320,(anonymous_8)
FNF:9
FNH:9
FNDA:5,(anonymous_0)
FNDA:7,(anonymous_1)
FNDA:1,(anonymous_2)
FNDA:2,(anonymous_3)
FNDA:7,(anonymous_4)
FNDA:7,(anonymous_5)
FNDA:2,(anonymous_6)
FNDA:2,(anonymous_7)
FNDA:3,(anonymous_8)
DA:41,3
DA:42,3
DA:43,3
DA:49,5
DA:50,5
DA:53,5
DA:54,5
DA:55,2
DA:56,2
DA:60,3
DA:62,3
DA:64,3
DA:66,3
DA:68,3
DA:70,3
DA:71,3
DA:72,3
DA:76,3
DA:83,3
DA:85,3
DA:86,0
DA:87,0
DA:90,3
DA:92,0
DA:93,0
DA:94,0
DA:102,7
DA:104,7
DA:105,1
DA:109,6
DA:110,5
DA:111,3
DA:113,3
DA:116,5
DA:118,1
DA:119,1
DA:127,1
DA:129,1
DA:132,1
DA:135,1
DA:136,1
DA:138,0
DA:146,2
DA:147,2
DA:148,2
DA:149,2
DA:151,0
DA:161,7
DA:162,7
DA:163,7
DA:164,7
DA:166,7
DA:172,5
DA:173,5
DA:175,5
DA:176,2
DA:177,2
DA:178,2
DA:185,3
DA:186,2
DA:188,2
DA:189,1
DA:190,1
DA:191,1
DA:198,1
DA:203,3
DA:204,3
DA:210,3
DA:223,7
DA:224,7
DA:225,7
DA:226,7
DA:227,7
DA:228,7
DA:229,7
DA:232,7
DA:233,7
DA:234,7
DA:235,7
DA:236,7
DA:239,7
DA:240,5
DA:245,5
DA:249,7
DA:250,5
DA:255,5
DA:258,7
DA:260,7
DA:266,5
DA:267,5
DA:269,5
DA:270,3
DA:271,3
DA:272,3
DA:278,2
DA:279,2
DA:281,2
DA:287,2
DA:288,2
DA:294,2
DA:305,2
DA:313,2
DA:314,2
DA:321,3
DA:323,3
DA:324,1
DA:328,2
DA:329,2
DA:330,1
DA:331,1
DA:335,1
DA:336,1
DA:338,0
DA:339,0
DA:345,3
LF:115
LH:106
BRDA:54,0,0,2
BRDA:54,0,1,3
BRDA:77,1,0,3
BRDA:77,1,1,0
BRDA:77,1,2,0
BRDA:77,1,3,0
BRDA:77,1,4,0
BRDA:77,1,5,0
BRDA:78,2,0,3
BRDA:78,2,1,0
BRDA:78,2,2,0
BRDA:78,2,3,0
BRDA:79,3,0,3
BRDA:79,3,1,0
BRDA:79,3,2,0
BRDA:79,3,3,0
BRDA:80,4,0,3
BRDA:80,4,1,0
BRDA:80,4,2,0
BRDA:80,4,3,0
BRDA:85,5,0,0
BRDA:85,5,1,3
BRDA:104,6,0,1
BRDA:104,6,1,6
BRDA:110,7,0,3
BRDA:110,7,1,2
BRDA:175,8,0,2
BRDA:175,8,1,3
BRDA:180,9,0,2
BRDA:180,9,1,0
BRDA:186,10,0,1
BRDA:186,10,1,1
BRDA:188,11,0,1
BRDA:188,11,1,1
BRDA:205,12,0,3
BRDA:205,12,1,0
BRDA:207,13,0,3
BRDA:207,13,1,0
BRDA:212,14,0,3
BRDA:212,14,1,0
BRDA:228,15,0,5
BRDA:228,15,1,2
BRDA:229,16,0,5
BRDA:229,16,1,2
BRDA:239,17,0,5
BRDA:239,17,1,2
BRDA:249,18,0,5
BRDA:249,18,1,2
BRDA:269,19,0,3
BRDA:269,19,1,2
BRDA:274,20,0,3
BRDA:274,20,1,0
BRDA:289,21,0,2
BRDA:289,21,1,0
BRDA:291,22,0,2
BRDA:291,22,1,0
BRDA:296,23,0,2
BRDA:296,23,1,0
BRDA:323,24,0,1
BRDA:323,24,1,2
BRDA:329,25,0,1
BRDA:329,25,1,1
BRF:62
BRH:39
end_of_record
TN:
SF:services\image-picker.service.ts
FN:19,(anonymous_0)
FN:32,(anonymous_1)
FN:45,(anonymous_2)
FN:93,(anonymous_3)
FN:145,(anonymous_4)
FN:184,(anonymous_5)
FN:204,(anonymous_6)
FN:215,(anonymous_7)
FN:235,(anonymous_8)
FNF:9
FNH:9
FNDA:12,(anonymous_0)
FNDA:26,(anonymous_1)
FNDA:7,(anonymous_2)
FNDA:9,(anonymous_3)
FNDA:13,(anonymous_4)
FNDA:17,(anonymous_5)
FNDA:17,(anonymous_6)
FNDA:13,(anonymous_7)
FNDA:1,(anonymous_8)
DA:20,12
DA:21,12
DA:22,10
DA:24,2
DA:25,2
DA:33,26
DA:34,26
DA:35,24
DA:37,2
DA:38,2
DA:46,7
DA:48,7
DA:49,7
DA:50,1
DA:57,6
DA:64,5
DA:65,1
DA:71,4
DA:72,4
DA:82,1
DA:83,1
DA:94,9
DA:96,9
DA:97,9
DA:98,1
DA:105,8
DA:112,7
DA:113,1
DA:119,6
DA:120,5
DA:130,3
DA:131,3
DA:149,13
DA:151,13
DA:152,13
DA:153,2
DA:160,11
DA:168,11
DA:169,1
DA:176,10
DA:179,10
DA:180,10
DA:183,10
DA:185,17
DA:186,17
DA:191,17
DA:192,3
DA:193,3
DA:194,3
DA:197,14
DA:204,17
DA:207,10
DA:208,3
DA:215,13
DA:216,7
DA:218,7
DA:223,0
DA:224,0
DA:239,1
DA:244,1
LF:60
LH:58
BRDA:49,0,0,1
BRDA:49,0,1,6
BRDA:64,1,0,1
BRDA:64,1,1,4
BRDA:76,2,0,4
BRDA:76,2,1,0
BRDA:97,3,0,1
BRDA:97,3,1,8
BRDA:112,4,0,1
BRDA:112,4,1,6
BRDA:124,5,0,4
BRDA:124,5,1,0
BRDA:146,6,0,8
BRDA:147,7,0,10
BRDA:152,8,0,2
BRDA:152,8,1,11
BRDA:168,9,0,1
BRDA:168,9,1,10
BRDA:185,10,0,17
BRDA:185,10,1,1
BRDA:186,11,0,2
BRDA:186,11,1,15
BRDA:191,12,0,3
BRDA:191,12,1,14
BRDA:199,13,0,2
BRDA:199,13,1,12
BRDA:207,14,0,3
BRDA:207,14,1,7
BRDA:215,15,0,13
BRDA:215,15,1,1
BRF:30
BRH:28
end_of_record
TN:
SF:services\location-cache.service.ts
FN:18,(anonymous_0)
FN:25,(anonymous_1)
FN:34,(anonymous_2)
FNF:3
FNH:3
FNDA:4,(anonymous_0)
FNDA:10,(anonymous_1)
FNDA:3,(anonymous_2)
DA:13,1
DA:19,4
DA:26,10
DA:27,10
DA:28,10
DA:35,3
DA:39,1
LF:7
LH:7
BRF:0
BRH:0
end_of_record
TN:
SF:services\location.service.ts
FN:22,(anonymous_0)
FN:77,(anonymous_1)
FN:84,(anonymous_2)
FN:92,(anonymous_3)
FNF:4
FNH:4
FNDA:9,(anonymous_0)
FNDA:11,(anonymous_1)
FNDA:2,(anonymous_2)
FNDA:2,(anonymous_3)
DA:15,1
DA:16,1
DA:23,9
DA:25,9
DA:26,2
DA:27,2
DA:29,2
DA:30,1
DA:31,1
DA:39,8
DA:41,8
DA:42,1
DA:43,1
DA:47,7
DA:48,7
DA:53,6
DA:59,6
DA:64,6
DA:69,1
DA:70,1
DA:78,11
DA:85,2
DA:86,2
DA:93,2
DA:94,2
DA:98,1
LF:26
LH:26
BRDA:25,0,0,2
BRDA:25,0,1,7
BRDA:29,1,0,1
BRDA:29,1,1,1
BRDA:41,2,0,1
BRDA:41,2,1,7
BRF:6
BRH:6
end_of_record
TN:
SF:services\notification.service.ts
FN:14,(anonymous_0)
FN:25,(anonymous_1)
FN:38,(anonymous_2)
FN:51,(anonymous_3)
FN:83,(anonymous_4)
FN:104,(anonymous_5)
FN:113,(anonymous_6)
FN:139,(anonymous_7)
FN:152,(anonymous_8)
FN:177,(anonymous_9)
FN:199,(anonymous_10)
FN:221,(anonymous_11)
FNF:12
FNH:10
FNDA:0,(anonymous_0)
FNDA:3,(anonymous_1)
FNDA:3,(anonymous_2)
FNDA:4,(anonymous_3)
FNDA:4,(anonymous_4)
FNDA:0,(anonymous_5)
FNDA:3,(anonymous_6)
FNDA:3,(anonymous_7)
FNDA:3,(anonymous_8)
FNDA:2,(anonymous_9)
FNDA:2,(anonymous_10)
FNDA:2,(anonymous_11)
DA:13,2
DA:14,0
DA:26,3
DA:27,3
DA:28,2
DA:30,1
DA:31,1
DA:39,3
DA:40,3
DA:41,2
DA:43,1
DA:44,1
DA:57,4
DA:59,4
DA:60,2
DA:61,2
DA:64,2
DA:75,1
DA:77,1
DA:84,4
DA:85,4
DA:90,4
DA:98,3
DA:100,1
DA:101,1
DA:102,1
DA:104,0
DA:105,0
DA:106,0
DA:109,2
DA:110,2
DA:113,3
DA:130,1
DA:132,1
DA:140,3
DA:146,3
DA:153,3
DA:154,3
DA:162,3
DA:163,1
DA:166,2
DA:167,2
DA:169,1
DA:170,1
DA:178,2
DA:179,2
DA:187,2
DA:188,1
DA:191,1
DA:192,1
DA:200,2
DA:201,2
DA:209,2
DA:210,1
DA:213,1
DA:214,1
DA:222,2
DA:223,2
DA:231,2
DA:232,1
DA:235,1
DA:236,1
DA:242,2
LF:63
LH:59
BRDA:59,0,0,2
BRDA:59,0,1,2
BRDA:59,1,0,4
BRDA:59,1,1,3
BRDA:83,2,0,4
BRDA:83,3,0,4
BRDA:98,4,0,1
BRDA:98,4,1,2
BRDA:100,5,0,1
BRDA:100,5,1,0
BRDA:100,6,0,1
BRDA:100,6,1,0
BRDA:110,7,0,2
BRDA:110,7,1,1
BRDA:117,8,0,3
BRDA:117,8,1,0
BRDA:118,9,0,3
BRDA:118,9,1,0
BRDA:125,10,0,3
BRDA:125,10,1,2
BRDA:146,11,0,3
BRDA:146,11,1,0
BRDA:162,12,0,1
BRDA:162,12,1,2
BRDA:167,13,0,2
BRDA:167,13,1,1
BRDA:187,14,0,1
BRDA:187,14,1,1
BRDA:209,15,0,1
BRDA:209,15,1,1
BRDA:231,16,0,1
BRDA:231,16,1,1
BRF:32
BRH:27
end_of_record
TN:
SF:services\user-zone.service.ts
FN:23,(anonymous_0)
FN:53,(anonymous_1)
FN:77,(anonymous_2)
FN:119,(anonymous_3)
FN:144,(anonymous_4)
FNF:5
FNH:4
FNDA:6,(anonymous_0)
FNDA:0,(anonymous_1)
FNDA:11,(anonymous_2)
FNDA:1,(anonymous_3)
FNDA:4,(anonymous_4)
DA:24,6
DA:25,6
DA:26,6
DA:27,6
DA:28,6
DA:30,6
DA:31,6
DA:32,6
DA:33,6
DA:35,6
DA:41,4
DA:43,4
DA:45,1
DA:46,1
DA:47,1
DA:48,1
DA:53,1
DA:54,1
DA:59,1
DA:65,3
DA:67,3
DA:69,3
DA:70,1
DA:78,11
DA:79,11
DA:85,10
DA:86,1
DA:87,1
DA:91,9
DA:92,2
DA:93,2
DA:97,7
DA:98,4
DA:99,4
DA:100,2
DA:101,1
DA:102,1
DA:109,6
DA:110,5
DA:111,5
DA:112,3
DA:117,3
DA:119,2
DA:120,2
DA:126,2
DA:130,1
DA:132,1
DA:137,1
DA:145,4
DA:146,4
DA:151,3
DA:152,1
DA:155,2
DA:156,2
DA:161,1
LF:55
LH:55
BRDA:43,0,0,1
BRDA:43,0,1,3
BRDA:49,1,0,1
BRDA:49,1,1,0
BRDA:60,2,0,1
BRDA:60,2,1,0
BRDA:69,3,0,2
BRDA:69,3,1,1
BRDA:85,4,0,1
BRDA:85,4,1,9
BRDA:91,5,0,2
BRDA:91,5,1,7
BRDA:91,6,0,9
BRDA:91,6,1,8
BRDA:97,7,0,4
BRDA:97,7,1,3
BRDA:100,8,0,1
BRDA:100,8,1,1
BRDA:109,9,0,5
BRDA:109,9,1,1
BRDA:151,10,0,1
BRDA:151,10,1,2
BRF:22
BRH:20
end_of_record
TN:
SF:services\websocket.service.ts
FN:29,(anonymous_0)
FN:43,(anonymous_1)
FN:52,(anonymous_2)
FN:58,(anonymous_3)
FN:64,(anonymous_4)
FN:68,(anonymous_5)
FN:81,(anonymous_6)
FN:98,(anonymous_7)
FN:109,(anonymous_8)
FN:117,(anonymous_9)
FN:145,(anonymous_10)
FN:149,(anonymous_11)
FN:150,(anonymous_12)
FN:157,(anonymous_13)
FNF:14
FNH:14
FNDA:19,(anonymous_0)
FNDA:8,(anonymous_1)
FNDA:3,(anonymous_2)
FNDA:3,(anonymous_3)
FNDA:1,(anonymous_4)
FNDA:8,(anonymous_5)
FNDA:8,(anonymous_6)
FNDA:8,(anonymous_7)
FNDA:6,(anonymous_8)
FNDA:25,(anonymous_9)
FNDA:7,(anonymous_10)
FNDA:4,(anonymous_11)
FNDA:6,(anonymous_12)
FNDA:8,(anonymous_13)
DA:18,2
DA:19,2
DA:20,2
DA:21,2
DA:22,2
DA:23,2
DA:24,2
DA:30,19
DA:31,19
DA:32,18
DA:33,1
DA:34,1
DA:37,17
DA:40,17
DA:41,17
DA:43,17
DA:44,8
DA:45,8
DA:46,8
DA:49,8
DA:52,17
DA:53,3
DA:54,3
DA:55,2
DA:58,3
DA:60,1
DA:64,17
DA:65,1
DA:68,17
DA:69,8
DA:70,8
DA:71,8
DA:74,1
DA:82,8
DA:83,0
DA:86,8
DA:91,8
DA:92,8
DA:99,8
DA:100,1
DA:101,1
DA:104,7
DA:105,7
DA:107,7
DA:109,7
DA:110,6
DA:118,25
DA:119,3
DA:120,3
DA:123,25
DA:125,11
DA:126,5
DA:130,5
DA:133,11
DA:134,11
DA:137,25
DA:138,25
DA:139,25
DA:146,7
DA:149,7
DA:150,6
DA:158,8
DA:162,2
LF:63
LH:62
BRDA:32,0,0,1
BRDA:32,0,1,17
BRDA:82,1,0,0
BRDA:82,1,1,8
BRDA:82,2,0,8
BRDA:82,2,1,8
BRDA:82,2,2,8
BRDA:99,3,0,1
BRDA:99,3,1,7
BRDA:118,4,0,3
BRDA:118,4,1,22
BRDA:123,5,0,11
BRDA:123,5,1,14
BRDA:125,6,0,5
BRDA:125,6,1,6
BRDA:125,7,0,11
BRDA:125,7,1,5
BRF:17
BRH:16
end_of_record
TN:
SF:services\config\api.config.ts
FN:17,(anonymous_0)
FN:30,(anonymous_1)
FN:41,(anonymous_2)
FN:83,(anonymous_3)
FN:160,(anonymous_4)
FNF:5
FNH:5
FNDA:71,(anonymous_0)
FNDA:63,(anonymous_1)
FNDA:59,(anonymous_2)
FNDA:10,(anonymous_3)
FNDA:13,(anonymous_4)
DA:9,8
DA:17,8
DA:18,71
DA:20,71
DA:21,59
DA:24,71
DA:30,8
DA:31,63
DA:41,8
DA:42,59
DA:43,59
DA:45,59
DA:46,59
DA:47,59
DA:48,59
DA:50,1
DA:53,59
DA:55,59
DA:56,54
DA:57,54
DA:58,54
DA:61,5
DA:62,5
DA:63,5
DA:65,0
DA:67,0
DA:83,8
DA:84,10
DA:87,10
DA:88,1
DA:89,0
DA:91,1
DA:92,1
DA:94,0
DA:98,9
DA:99,1
DA:103,8
DA:104,1
DA:108,7
DA:109,0
DA:112,7
DA:113,0
DA:117,7
DA:118,0
DA:121,7
DA:122,0
DA:126,7
DA:127,0
DA:130,7
DA:131,2
DA:135,5
DA:136,0
DA:141,5
DA:150,5
DA:151,0
DA:154,5
DA:160,8
DA:161,13
DA:164,13
DA:165,13
DA:166,10
DA:169,10
DA:170,10
DA:173,3
DA:176,13
LF:65
LH:54
BRDA:20,0,0,59
BRDA:20,0,1,12
BRDA:46,1,0,59
BRDA:46,1,1,0
BRDA:53,2,0,57
BRDA:53,2,1,2
BRDA:55,3,0,54
BRDA:55,3,1,5
BRDA:67,4,0,0
BRDA:67,4,1,0
BRDA:87,5,0,1
BRDA:87,5,1,9
BRDA:87,6,0,10
BRDA:87,6,1,9
BRDA:88,7,0,0
BRDA:88,7,1,1
BRDA:88,8,0,1
BRDA:88,8,1,1
BRDA:91,9,0,1
BRDA:91,9,1,0
BRDA:98,10,0,1
BRDA:98,10,1,8
BRDA:98,11,0,9
BRDA:98,11,1,8
BRDA:103,12,0,1
BRDA:103,12,1,7
BRDA:103,13,0,8
BRDA:103,13,1,7
BRDA:108,14,0,0
BRDA:108,14,1,7
BRDA:108,15,0,7
BRDA:108,15,1,7
BRDA:112,16,0,0
BRDA:112,16,1,7
BRDA:112,17,0,7
BRDA:112,17,1,7
BRDA:117,18,0,0
BRDA:117,18,1,7
BRDA:121,19,0,0
BRDA:121,19,1,7
BRDA:126,20,0,0
BRDA:126,20,1,7
BRDA:130,21,0,2
BRDA:130,21,1,5
BRDA:130,22,0,7
BRDA:130,22,1,5
BRDA:135,23,0,0
BRDA:135,23,1,5
BRDA:135,24,0,5
BRDA:135,24,1,5
BRDA:150,25,0,0
BRDA:150,25,1,5
BRDA:166,26,0,10
BRDA:166,26,1,1
BRDA:166,26,2,0
BRDA:173,27,0,3
BRDA:173,27,1,3
BRF:57
BRH:44
end_of_record
TN:
SF:services\utils\geolocation.utils.ts
FN:14,calculateDistance
FN:47,formatDistance
FN:63,isWithinRadius
FNF:3
FNH:3
FNDA:11,calculateDistance
FNDA:12,formatDistance
FNDA:6,isWithinRadius
DA:21,11
DA:24,11
DA:25,11
DA:26,11
DA:27,11
DA:31,11
DA:34,11
DA:37,11
DA:39,11
DA:48,12
DA:49,6
DA:51,6
DA:70,6
DA:71,6
LF:14
LH:14
BRDA:48,0,0,6
BRDA:48,0,1,6
BRF:2
BRH:2
end_of_record
